<?xml version="1.0" encoding="UTF-8"?>
<!-- Generated by org.testng.reporters.JUnitReportReporter -->
<testsuite skipped="0" hostname="TheaThyraPC" name="com.scripts.SignInPageTest" tests="2" failures="0" timestamp="02 Jun 2018 02:57:46 GMT" time="20.610" errors="0">
  <testcase name="VerifyHomePageSignInTextAndButton" time="8.999" classname="com.scripts.SignInPageTest"/>
  <testcase name="VerifyHomePageSignInTextAndSignInWithCredential" time="11.611" classname="com.scripts.SignInPageTest"/>
</testsuite> <!-- com.scripts.SignInPageTest -->
